[32m[2025-03-10 00:57:24][INFO]Upbit íŠ¸ë ˆì´ë” ì´ˆê¸°í™” ì™„ë£Œ [trader.py:63][0m
Traceback (most recent call last):
  File "/Users/jklee/Dropbox/Source/jklee/JATS/main.py", line 44, in main
    notifier.send_system_notification("íŠ¸ë ˆì´ë” ì‹¤í–‰ ì‹œì‘", f"{platform} íŠ¸ë ˆì´ë”ê°€ {env} í™˜ê²½ì—ì„œ ì‹œì‘ë˜ì—ˆìŠµë‹ˆë‹¤.")
  File "/Users/jklee/Dropbox/Source/jklee/JATS/util/telegram_bot.py", line 198, in send_system_notification
    return self.send_message(message) 
  File "/Users/jklee/Dropbox/Source/jklee/JATS/util/telegram_bot.py", line 128, in send_message
    response = requests.post(url, json=payload, timeout=10)  # íƒ€ì„ì•„ì›ƒ ì¶”ê°€
  File "/Users/jklee/Dropbox/Source/jklee/JATS/jats_venv/lib/python3.9/site-packages/requests/api.py", line 115, in post
    return request("post", url, data=data, json=json, **kwargs)
  File "/Users/jklee/Dropbox/Source/jklee/JATS/jats_venv/lib/python3.9/site-packages/requests/api.py", line 59, in request
    return session.request(method=method, url=url, **kwargs)
  File "/Users/jklee/Dropbox/Source/jklee/JATS/jats_venv/lib/python3.9/site-packages/requests/sessions.py", line 587, in request
    resp = self.send(prep, **send_kwargs)
  File "/Users/jklee/Dropbox/Source/jklee/JATS/jats_venv/lib/python3.9/site-packages/requests/sessions.py", line 701, in send
    r = adapter.send(request, **kwargs)
  File "/Users/jklee/Dropbox/Source/jklee/JATS/jats_venv/lib/python3.9/site-packages/requests/adapters.py", line 489, in send
    resp = conn.urlopen(
  File "/Users/jklee/Dropbox/Source/jklee/JATS/jats_venv/lib/python3.9/site-packages/urllib3/connectionpool.py", line 703, in urlopen
    httplib_response = self._make_request(
  File "/Users/jklee/Dropbox/Source/jklee/JATS/jats_venv/lib/python3.9/site-packages/urllib3/connectionpool.py", line 449, in _make_request
    six.raise_from(e, None)
  File "<string>", line 3, in raise_from
  File "/Users/jklee/Dropbox/Source/jklee/JATS/jats_venv/lib/python3.9/site-packages/urllib3/connectionpool.py", line 444, in _make_request
    httplib_response = conn.getresponse()
  File "/Library/Developer/CommandLineTools/Library/Frameworks/Python3.framework/Versions/3.9/lib/python3.9/http/client.py", line 1349, in getresponse
    response.begin()
  File "/Library/Developer/CommandLineTools/Library/Frameworks/Python3.framework/Versions/3.9/lib/python3.9/http/client.py", line 316, in begin
    version, status, reason = self._read_status()
  File "/Library/Developer/CommandLineTools/Library/Frameworks/Python3.framework/Versions/3.9/lib/python3.9/http/client.py", line 277, in _read_status
    line = str(self.fp.readline(_MAXLINE + 1), "iso-8859-1")
  File "/Library/Developer/CommandLineTools/Library/Frameworks/Python3.framework/Versions/3.9/lib/python3.9/socket.py", line 704, in readinto
    return self._sock.recv_into(b)
  File "/Library/Developer/CommandLineTools/Library/Frameworks/Python3.framework/Versions/3.9/lib/python3.9/ssl.py", line 1241, in recv_into
    return self.read(nbytes, buffer)
  File "/Library/Developer/CommandLineTools/Library/Frameworks/Python3.framework/Versions/3.9/lib/python3.9/ssl.py", line 1099, in read
    return self._sslobj.read(len, buffer)
KeyboardInterrupt

During handling of the above exception, another exception occurred:

Traceback (most recent call last):
  File "/Users/jklee/Dropbox/Source/jklee/JATS/main.py", line 60, in <module>
    main() 
  File "/Users/jklee/Dropbox/Source/jklee/JATS/main.py", line 48, in main
    notifier.send_system_notification("í”„ë¡œê·¸ë¨ ì¢…ë£Œ", f"{platform} {env} í”„ë¡œê·¸ë¨ì´ KeyboardInterrupt ì˜ˆì™¸ë¡œ ì¢…ë£Œë˜ì—ˆìŠµë‹ˆë‹¤.")
  File "/Users/jklee/Dropbox/Source/jklee/JATS/util/telegram_bot.py", line 198, in send_system_notification
    return self.send_message(message) 
  File "/Users/jklee/Dropbox/Source/jklee/JATS/util/telegram_bot.py", line 128, in send_message
    response = requests.post(url, json=payload, timeout=10)  # íƒ€ì„ì•„ì›ƒ ì¶”ê°€
  File "/Users/jklee/Dropbox/Source/jklee/JATS/jats_venv/lib/python3.9/site-packages/requests/api.py", line 115, in post
    return request("post", url, data=data, json=json, **kwargs)
  File "/Users/jklee/Dropbox/Source/jklee/JATS/jats_venv/lib/python3.9/site-packages/requests/api.py", line 59, in request
    return session.request(method=method, url=url, **kwargs)
  File "/Users/jklee/Dropbox/Source/jklee/JATS/jats_venv/lib/python3.9/site-packages/requests/sessions.py", line 587, in request
    resp = self.send(prep, **send_kwargs)
  File "/Users/jklee/Dropbox/Source/jklee/JATS/jats_venv/lib/python3.9/site-packages/requests/sessions.py", line 701, in send
    r = adapter.send(request, **kwargs)
  File "/Users/jklee/Dropbox/Source/jklee/JATS/jats_venv/lib/python3.9/site-packages/requests/adapters.py", line 489, in send
    resp = conn.urlopen(
  File "/Users/jklee/Dropbox/Source/jklee/JATS/jats_venv/lib/python3.9/site-packages/urllib3/connectionpool.py", line 703, in urlopen
    httplib_response = self._make_request(
  File "/Users/jklee/Dropbox/Source/jklee/JATS/jats_venv/lib/python3.9/site-packages/urllib3/connectionpool.py", line 386, in _make_request
    self._validate_conn(conn)
  File "/Users/jklee/Dropbox/Source/jklee/JATS/jats_venv/lib/python3.9/site-packages/urllib3/connectionpool.py", line 1042, in _validate_conn
    conn.connect()
  File "/Users/jklee/Dropbox/Source/jklee/JATS/jats_venv/lib/python3.9/site-packages/urllib3/connection.py", line 419, in connect
    self.sock = ssl_wrap_socket(
  File "/Users/jklee/Dropbox/Source/jklee/JATS/jats_venv/lib/python3.9/site-packages/urllib3/util/ssl_.py", line 449, in ssl_wrap_socket
    ssl_sock = _ssl_wrap_socket_impl(
  File "/Users/jklee/Dropbox/Source/jklee/JATS/jats_venv/lib/python3.9/site-packages/urllib3/util/ssl_.py", line 493, in _ssl_wrap_socket_impl
    return ssl_context.wrap_socket(sock, server_hostname=server_hostname)
  File "/Library/Developer/CommandLineTools/Library/Frameworks/Python3.framework/Versions/3.9/lib/python3.9/ssl.py", line 500, in wrap_socket
    return self.sslsocket_class._create(
  File "/Library/Developer/CommandLineTools/Library/Frameworks/Python3.framework/Versions/3.9/lib/python3.9/ssl.py", line 1040, in _create
    self.do_handshake()
  File "/Library/Developer/CommandLineTools/Library/Frameworks/Python3.framework/Versions/3.9/lib/python3.9/ssl.py", line 1309, in do_handshake
    self._sslobj.do_handshake()
KeyboardInterrupt
[32m[2025-03-10 00:57:28][INFO]Upbit íŠ¸ë ˆì´ë” ì´ˆê¸°í™” ì™„ë£Œ [trader.py:63][0m
[32m[2025-03-10 00:57:30][INFO]ğŸš€ Upbit íŠ¸ë ˆì´ë” ì‹¤í–‰ ì‹œì‘ [trader.py:72][0m
[32m[2025-03-10 00:57:30][INFO]âš™ï¸ ì„¤ì • ì •ë³´: ë¦¬ìŠ¤í¬ ì„¤ì • - ì†ì ˆ ë¹„ìœ¨: 1% [trader.py:73][0m
[32m[2025-03-10 00:57:30][INFO]âš™ï¸ ì„¤ì • ì •ë³´: ìµœê³ ê°€ ëŒ€ë¹„ ì†ì ˆ ë¹„ìœ¨: 0.5% [trader.py:74][0m
[32m[2025-03-10 00:57:31][INFO]ğŸ• ì‹œì‘ ì‹œê°„: 2025-03-10 00:57:31 [trader.py:79][0m
[32m[2025-03-10 00:57:31][INFO]ğŸ” ì´ˆê¸° í¬ì§€ì…˜ ì²´í¬ ì¤‘... [trader.py:83][0m
[36m[2025-03-10 00:57:31][DEBUG]ğŸ” í˜„ì¬ í¬ì§€ì…˜ ìƒíƒœ í™•ì¸ ì¤‘... [trader.py:442][0m
[32m[2025-03-10 00:57:31][INFO]ğŸ’° í¬íŠ¸í´ë¦¬ì˜¤ ë¶„ì„ ì‹œì‘ [trader.py:651][0m
[36m[2025-03-10 00:57:31][DEBUG]ğŸ” ì”ê³  ì •ë³´ ì¡°íšŒ ì¤‘... [trader.py:654][0m
[36m[2025-03-10 00:57:31][DEBUG]ğŸ“ ì´ 0ê°œ ìì‚° ì •ë³´ ì¡°íšŒ ì™„ë£Œ [trader.py:656][0m
[32m[2025-03-10 00:57:31][INFO]ğŸ’° ì´ í‰ê°€ê¸ˆì•¡: 0ì› [trader.py:715][0m
[32m[2025-03-10 00:57:31][INFO]âœ… í¬íŠ¸í´ë¦¬ì˜¤ ë¶„ì„ ì™„ë£Œ [trader.py:750][0m
[32m[2025-03-10 00:57:33][INFO]â±ï¸ ë©”ì¸ ë£¨í”„ ì‹œì‘ [trader.py:88][0m
[32m[2025-03-10 00:58:06][INFO]Upbit íŠ¸ë ˆì´ë” ì´ˆê¸°í™” ì™„ë£Œ [trader.py:63][0m
[32m[2025-03-10 00:58:08][INFO]ğŸš€ Upbit íŠ¸ë ˆì´ë” ì‹¤í–‰ ì‹œì‘ [trader.py:72][0m
[32m[2025-03-10 00:58:08][INFO]âš™ï¸ ì„¤ì • ì •ë³´: ë¦¬ìŠ¤í¬ ì„¤ì • - ì†ì ˆ ë¹„ìœ¨: 1% [trader.py:73][0m
[32m[2025-03-10 00:58:08][INFO]âš™ï¸ ì„¤ì • ì •ë³´: ìµœê³ ê°€ ëŒ€ë¹„ ì†ì ˆ ë¹„ìœ¨: 0.5% [trader.py:74][0m
[32m[2025-03-10 00:58:09][INFO]ğŸ• ì‹œì‘ ì‹œê°„: 2025-03-10 00:58:09 [trader.py:79][0m
[32m[2025-03-10 00:58:09][INFO]ğŸ” ì´ˆê¸° í¬ì§€ì…˜ ì²´í¬ ì¤‘... [trader.py:83][0m
[36m[2025-03-10 00:58:09][DEBUG]ğŸ” í˜„ì¬ í¬ì§€ì…˜ ìƒíƒœ í™•ì¸ ì¤‘... [trader.py:442][0m
[32m[2025-03-10 00:58:09][INFO]ğŸ’° í¬íŠ¸í´ë¦¬ì˜¤ ë¶„ì„ ì‹œì‘ [trader.py:651][0m
[36m[2025-03-10 00:58:09][DEBUG]ğŸ” ì”ê³  ì •ë³´ ì¡°íšŒ ì¤‘... [trader.py:654][0m
[36m[2025-03-10 00:58:09][DEBUG]ğŸ“ ì´ 0ê°œ ìì‚° ì •ë³´ ì¡°íšŒ ì™„ë£Œ [trader.py:656][0m
[32m[2025-03-10 00:58:09][INFO]ğŸ’° ì´ í‰ê°€ê¸ˆì•¡: 0ì› [trader.py:715][0m
[32m[2025-03-10 00:58:09][INFO]âœ… í¬íŠ¸í´ë¦¬ì˜¤ ë¶„ì„ ì™„ë£Œ [trader.py:750][0m
[32m[2025-03-10 00:58:11][INFO]â±ï¸ ë©”ì¸ ë£¨í”„ ì‹œì‘ [trader.py:88][0m
[32m[2025-03-10 00:58:22][INFO]âŒ ì‚¬ìš©ìì— ì˜í•´ íŠ¸ë ˆì´ë”ê°€ ì¤‘ì§€ë˜ì—ˆìŠµë‹ˆë‹¤. [trader.py:154][0m
[36m[2025-03-10 00:59:07][DEBUG]â±ï¸ 1ë¶„ ì£¼ê¸° ì‘ì—… ì‹¤í–‰ [trader.py:118][0m
[36m[2025-03-10 00:59:07][DEBUG]ğŸ” ë§¤ìˆ˜/ë§¤ë„ ì‹œê·¸ë„ ì²´í¬ ì¤‘... [trader.py:121][0m
[36m[2025-03-10 00:59:07][DEBUG]ğŸ” ë§¤ìˆ˜ ì‹œê·¸ë„ ì²´í¬ ì¤‘... [trader.py:420][0m
[33m[2025-03-10 00:59:07][WARNING]âš ï¸ ê±°ë˜ëŸ‰ ìƒìœ„ ì½”ì¸ ëª©ë¡ì´ ë¹„ì–´ ìˆì–´ ë§¤ìˆ˜ ì‹œê·¸ë„ì„ ì²´í¬í•  ìˆ˜ ì—†ìŠµë‹ˆë‹¤. [trader.py:424][0m
[36m[2025-03-10 00:59:07][DEBUG]ğŸ” ë¹„ì •ìƒ ì£¼ë¬¸ ì²´í¬ ì¤‘... [trader.py:125][0m
[36m[2025-03-10 00:59:07][DEBUG]ğŸ” ë¯¸ì²´ê²° ì£¼ë¬¸ í™•ì¸ ì¤‘... ì „ì²´ ë§ˆì¼“ [trader.py:354][0m
[36m[2025-03-10 00:59:07][DEBUG]âœ… ë¯¸ì²´ê²° ì£¼ë¬¸ì´ ì—†ìŠµë‹ˆë‹¤. [trader.py:360][0m
[32m[2025-03-10 00:59:50][INFO]â±ï¸ íŠ¸ë ˆì´ë” ì‹¤í–‰ ì¤‘: 0ì¼ 0ì‹œê°„ 1ë¶„ 41ì´ˆ ê²½ê³¼ (ë°˜ë³µ íšŸìˆ˜: 100) [trader.py:102][0m
[36m[2025-03-10 01:00:07][DEBUG]â±ï¸ 1ë¶„ ì£¼ê¸° ì‘ì—… ì‹¤í–‰ [trader.py:118][0m
[36m[2025-03-10 01:00:07][DEBUG]ğŸ” ë§¤ìˆ˜/ë§¤ë„ ì‹œê·¸ë„ ì²´í¬ ì¤‘... [trader.py:121][0m
[36m[2025-03-10 01:00:07][DEBUG]ğŸ” ë§¤ìˆ˜ ì‹œê·¸ë„ ì²´í¬ ì¤‘... [trader.py:420][0m
[33m[2025-03-10 01:00:07][WARNING]âš ï¸ ê±°ë˜ëŸ‰ ìƒìœ„ ì½”ì¸ ëª©ë¡ì´ ë¹„ì–´ ìˆì–´ ë§¤ìˆ˜ ì‹œê·¸ë„ì„ ì²´í¬í•  ìˆ˜ ì—†ìŠµë‹ˆë‹¤. [trader.py:424][0m
[36m[2025-03-10 01:00:07][DEBUG]ğŸ” ë¹„ì •ìƒ ì£¼ë¬¸ ì²´í¬ ì¤‘... [trader.py:125][0m
[36m[2025-03-10 01:00:07][DEBUG]ğŸ” ë¯¸ì²´ê²° ì£¼ë¬¸ í™•ì¸ ì¤‘... ì „ì²´ ë§ˆì¼“ [trader.py:354][0m
[36m[2025-03-10 01:00:08][DEBUG]âœ… ë¯¸ì²´ê²° ì£¼ë¬¸ì´ ì—†ìŠµë‹ˆë‹¤. [trader.py:360][0m
[36m[2025-03-10 01:01:08][DEBUG]â±ï¸ 1ë¶„ ì£¼ê¸° ì‘ì—… ì‹¤í–‰ [trader.py:118][0m
[36m[2025-03-10 01:01:08][DEBUG]ğŸ” ë§¤ìˆ˜/ë§¤ë„ ì‹œê·¸ë„ ì²´í¬ ì¤‘... [trader.py:121][0m
[36m[2025-03-10 01:01:08][DEBUG]ğŸ” ë§¤ìˆ˜ ì‹œê·¸ë„ ì²´í¬ ì¤‘... [trader.py:420][0m
[33m[2025-03-10 01:01:08][WARNING]âš ï¸ ê±°ë˜ëŸ‰ ìƒìœ„ ì½”ì¸ ëª©ë¡ì´ ë¹„ì–´ ìˆì–´ ë§¤ìˆ˜ ì‹œê·¸ë„ì„ ì²´í¬í•  ìˆ˜ ì—†ìŠµë‹ˆë‹¤. [trader.py:424][0m
[36m[2025-03-10 01:01:08][DEBUG]ğŸ” ë¹„ì •ìƒ ì£¼ë¬¸ ì²´í¬ ì¤‘... [trader.py:125][0m
[36m[2025-03-10 01:01:08][DEBUG]ğŸ” ë¯¸ì²´ê²° ì£¼ë¬¸ í™•ì¸ ì¤‘... ì „ì²´ ë§ˆì¼“ [trader.py:354][0m
[36m[2025-03-10 01:01:08][DEBUG]âœ… ë¯¸ì²´ê²° ì£¼ë¬¸ì´ ì—†ìŠµë‹ˆë‹¤. [trader.py:360][0m
[32m[2025-03-10 01:01:31][INFO]â±ï¸ íŠ¸ë ˆì´ë” ì‹¤í–‰ ì¤‘: 0ì¼ 0ì‹œê°„ 3ë¶„ 21ì´ˆ ê²½ê³¼ (ë°˜ë³µ íšŸìˆ˜: 200) [trader.py:102][0m
[36m[2025-03-10 01:02:08][DEBUG]â±ï¸ 1ë¶„ ì£¼ê¸° ì‘ì—… ì‹¤í–‰ [trader.py:118][0m
[36m[2025-03-10 01:02:08][DEBUG]ğŸ” ë§¤ìˆ˜/ë§¤ë„ ì‹œê·¸ë„ ì²´í¬ ì¤‘... [trader.py:121][0m
[36m[2025-03-10 01:02:08][DEBUG]ğŸ” ë§¤ìˆ˜ ì‹œê·¸ë„ ì²´í¬ ì¤‘... [trader.py:420][0m
[33m[2025-03-10 01:02:08][WARNING]âš ï¸ ê±°ë˜ëŸ‰ ìƒìœ„ ì½”ì¸ ëª©ë¡ì´ ë¹„ì–´ ìˆì–´ ë§¤ìˆ˜ ì‹œê·¸ë„ì„ ì²´í¬í•  ìˆ˜ ì—†ìŠµë‹ˆë‹¤. [trader.py:424][0m
[36m[2025-03-10 01:02:08][DEBUG]ğŸ” ë¹„ì •ìƒ ì£¼ë¬¸ ì²´í¬ ì¤‘... [trader.py:125][0m
[36m[2025-03-10 01:02:08][DEBUG]ğŸ” ë¯¸ì²´ê²° ì£¼ë¬¸ í™•ì¸ ì¤‘... ì „ì²´ ë§ˆì¼“ [trader.py:354][0m
[36m[2025-03-10 01:02:08][DEBUG]âœ… ë¯¸ì²´ê²° ì£¼ë¬¸ì´ ì—†ìŠµë‹ˆë‹¤. [trader.py:360][0m
[36m[2025-03-10 01:03:07][DEBUG]â±ï¸ 5ë¶„ ì£¼ê¸° ì‘ì—… ì‹¤í–‰ [trader.py:131][0m
[36m[2025-03-10 01:03:07][DEBUG]ğŸ“Š ê±°ë˜ëŸ‰ ìƒìœ„ ì½”ì¸ ë¶„ì„ ì¤‘... [trader.py:134][0m
[36m[2025-03-10 01:03:07][DEBUG]ğŸ“Š ê±°ë˜ëŸ‰ ìƒìœ„ ì½”ì¸ ë¶„ì„ ì‹œì‘ [trader.py:571][0m
[36m[2025-03-10 01:03:07][DEBUG]ğŸ” ë§ˆì¼“ ì •ë³´ ì¡°íšŒ ì¤‘... [trader.py:574][0m
[36m[2025-03-10 01:03:07][DEBUG]ğŸ“ ì´ 161ê°œ ë§ˆì¼“ ì •ë³´ ì¡°íšŒ ì™„ë£Œ [trader.py:577][0m
[36m[2025-03-10 01:03:07][DEBUG]ğŸ” ë§ˆì¼“ë³„ ê±°ë˜ëŸ‰ ì¡°íšŒ ì¤‘... [trader.py:583][0m
[36m[2025-03-10 01:03:07][DEBUG]ğŸ”„ ê±°ë˜ëŸ‰ ì¡°íšŒ ì§„í–‰ ì¤‘... (1/30) [trader.py:587][0m
[36m[2025-03-10 01:03:08][DEBUG]ğŸ”„ ê±°ë˜ëŸ‰ ì¡°íšŒ ì§„í–‰ ì¤‘... (11/30) [trader.py:587][0m
[36m[2025-03-10 01:03:08][DEBUG]ğŸ”„ ê±°ë˜ëŸ‰ ì¡°íšŒ ì§„í–‰ ì¤‘... (21/30) [trader.py:587][0m
[32m[2025-03-10 01:03:09][INFO]ğŸ“Š ê±°ë˜ëŸ‰ ìƒìœ„ 10ê°œ ì½”ì¸: [trader.py:630][0m
[32m[2025-03-10 01:03:09][INFO]   1. KRW-XRP: 4,721.8ë°±ë§Œì› ğŸ“ˆ +0.21% [trader.py:639][0m
[32m[2025-03-10 01:03:09][INFO]   2. KRW-BTC: 1,966.0ë°±ë§Œì› ğŸ“ˆ +0.10% [trader.py:639][0m
[32m[2025-03-10 01:03:09][INFO]   3. KRW-ADA: 963.1ë°±ë§Œì› ğŸ“ˆ +0.18% [trader.py:639][0m
[32m[2025-03-10 01:03:09][INFO]   4. KRW-ETH: 629.0ë°±ë§Œì› ğŸ“ˆ +0.35% [trader.py:639][0m
[32m[2025-03-10 01:03:09][INFO]   5. KRW-NEO: 120.5ë°±ë§Œì› ğŸ“‰ -0.08% [trader.py:639][0m
[32m[2025-03-10 01:03:09][INFO]   6. KRW-WAVES: 81.0ë°±ë§Œì› ğŸ“ˆ +0.09% [trader.py:639][0m
[32m[2025-03-10 01:03:09][INFO]   7. KRW-TRX: 60.7ë°±ë§Œì› ğŸ“ˆ +0.00% [trader.py:639][0m
[32m[2025-03-10 01:03:09][INFO]   8. KRW-ETC: 52.6ë°±ë§Œì› ğŸ“ˆ +0.00% [trader.py:639][0m
[32m[2025-03-10 01:03:09][INFO]   9. KRW-EOS: 43.1ë°±ë§Œì› ğŸ“‰ -0.13% [trader.py:639][0m
[32m[2025-03-10 01:03:09][INFO]   10. KRW-SC: 40.5ë°±ë§Œì› ğŸ“‰ -0.02% [trader.py:639][0m
[36m[2025-03-10 01:03:09][DEBUG]ğŸ” í¬ì§€ì…˜ ìƒíƒœ ì²´í¬ ì¤‘... [trader.py:138][0m
[36m[2025-03-10 01:03:09][DEBUG]ğŸ” í˜„ì¬ í¬ì§€ì…˜ ìƒíƒœ í™•ì¸ ì¤‘... [trader.py:442][0m
[36m[2025-03-10 01:03:10][DEBUG]â±ï¸ 1ë¶„ ì£¼ê¸° ì‘ì—… ì‹¤í–‰ [trader.py:118][0m
[36m[2025-03-10 01:03:10][DEBUG]ğŸ” ë§¤ìˆ˜/ë§¤ë„ ì‹œê·¸ë„ ì²´í¬ ì¤‘... [trader.py:121][0m
[36m[2025-03-10 01:03:10][DEBUG]ğŸ” ë§¤ìˆ˜ ì‹œê·¸ë„ ì²´í¬ ì¤‘... [trader.py:420][0m
[36m[2025-03-10 01:03:10][DEBUG]ğŸ“Š ê±°ë˜ëŸ‰ ìƒìœ„ 5ê°œ ì½”ì¸ ë§¤ìˆ˜ ì‹œê·¸ë„ ì²´í¬: KRW-XRP, KRW-BTC, KRW-ADA, KRW-ETH, KRW-NEO [trader.py:427][0m
[36m[2025-03-10 01:03:10][DEBUG]ğŸ” KRW-XRP ë§¤ìˆ˜ ì‹œê·¸ë„ ë¶„ì„ ì¤‘... [trader.py:430][0m
[32m[2025-03-10 01:03:10][INFO]KRW-XRP ë§¤ë§¤ ì „ëµ ë¶„ì„ ì‹œì‘ [analyzer.py:47][0m
[36m[2025-03-10 01:03:10][DEBUG]ğŸ” KRW-BTC ë§¤ìˆ˜ ì‹œê·¸ë„ ë¶„ì„ ì¤‘... [trader.py:430][0m
[32m[2025-03-10 01:03:10][INFO]KRW-BTC ë§¤ë§¤ ì „ëµ ë¶„ì„ ì‹œì‘ [analyzer.py:47][0m
[36m[2025-03-10 01:03:10][DEBUG]ğŸ” KRW-ADA ë§¤ìˆ˜ ì‹œê·¸ë„ ë¶„ì„ ì¤‘... [trader.py:430][0m
[32m[2025-03-10 01:03:10][INFO]KRW-ADA ë§¤ë§¤ ì „ëµ ë¶„ì„ ì‹œì‘ [analyzer.py:47][0m
[36m[2025-03-10 01:03:10][DEBUG]ğŸ” KRW-ETH ë§¤ìˆ˜ ì‹œê·¸ë„ ë¶„ì„ ì¤‘... [trader.py:430][0m
[32m[2025-03-10 01:03:10][INFO]KRW-ETH ë§¤ë§¤ ì „ëµ ë¶„ì„ ì‹œì‘ [analyzer.py:47][0m
[36m[2025-03-10 01:03:10][DEBUG]ğŸ” KRW-NEO ë§¤ìˆ˜ ì‹œê·¸ë„ ë¶„ì„ ì¤‘... [trader.py:430][0m
[32m[2025-03-10 01:03:10][INFO]KRW-NEO ë§¤ë§¤ ì „ëµ ë¶„ì„ ì‹œì‘ [analyzer.py:47][0m
[36m[2025-03-10 01:03:10][DEBUG]ğŸ” ë¹„ì •ìƒ ì£¼ë¬¸ ì²´í¬ ì¤‘... [trader.py:125][0m
[36m[2025-03-10 01:03:10][DEBUG]ğŸ” ë¯¸ì²´ê²° ì£¼ë¬¸ í™•ì¸ ì¤‘... ì „ì²´ ë§ˆì¼“ [trader.py:354][0m
[36m[2025-03-10 01:03:11][DEBUG]âœ… ë¯¸ì²´ê²° ì£¼ë¬¸ì´ ì—†ìŠµë‹ˆë‹¤. [trader.py:360][0m
[32m[2025-03-10 01:03:15][INFO]â±ï¸ íŠ¸ë ˆì´ë” ì‹¤í–‰ ì¤‘: 0ì¼ 0ì‹œê°„ 5ë¶„ 5ì´ˆ ê²½ê³¼ (ë°˜ë³µ íšŸìˆ˜: 300) [trader.py:102][0m
[36m[2025-03-10 01:04:11][DEBUG]â±ï¸ 1ë¶„ ì£¼ê¸° ì‘ì—… ì‹¤í–‰ [trader.py:118][0m
[36m[2025-03-10 01:04:11][DEBUG]ğŸ” ë§¤ìˆ˜/ë§¤ë„ ì‹œê·¸ë„ ì²´í¬ ì¤‘... [trader.py:121][0m
[36m[2025-03-10 01:04:11][DEBUG]ğŸ” ë§¤ìˆ˜ ì‹œê·¸ë„ ì²´í¬ ì¤‘... [trader.py:420][0m
[36m[2025-03-10 01:04:11][DEBUG]ğŸ“Š ê±°ë˜ëŸ‰ ìƒìœ„ 5ê°œ ì½”ì¸ ë§¤ìˆ˜ ì‹œê·¸ë„ ì²´í¬: KRW-XRP, KRW-BTC, KRW-ADA, KRW-ETH, KRW-NEO [trader.py:427][0m
[36m[2025-03-10 01:04:11][DEBUG]ğŸ” KRW-XRP ë§¤ìˆ˜ ì‹œê·¸ë„ ë¶„ì„ ì¤‘... [trader.py:430][0m
[32m[2025-03-10 01:04:11][INFO]KRW-XRP ë§¤ë§¤ ì „ëµ ë¶„ì„ ì‹œì‘ [analyzer.py:47][0m
[36m[2025-03-10 01:04:11][DEBUG]ğŸ” KRW-BTC ë§¤ìˆ˜ ì‹œê·¸ë„ ë¶„ì„ ì¤‘... [trader.py:430][0m
[32m[2025-03-10 01:04:11][INFO]KRW-BTC ë§¤ë§¤ ì „ëµ ë¶„ì„ ì‹œì‘ [analyzer.py:47][0m
[36m[2025-03-10 01:04:11][DEBUG]ğŸ” KRW-ADA ë§¤ìˆ˜ ì‹œê·¸ë„ ë¶„ì„ ì¤‘... [trader.py:430][0m
[32m[2025-03-10 01:04:11][INFO]KRW-ADA ë§¤ë§¤ ì „ëµ ë¶„ì„ ì‹œì‘ [analyzer.py:47][0m
[36m[2025-03-10 01:04:11][DEBUG]ğŸ” KRW-ETH ë§¤ìˆ˜ ì‹œê·¸ë„ ë¶„ì„ ì¤‘... [trader.py:430][0m
[32m[2025-03-10 01:04:11][INFO]KRW-ETH ë§¤ë§¤ ì „ëµ ë¶„ì„ ì‹œì‘ [analyzer.py:47][0m
[36m[2025-03-10 01:04:11][DEBUG]ğŸ” KRW-NEO ë§¤ìˆ˜ ì‹œê·¸ë„ ë¶„ì„ ì¤‘... [trader.py:430][0m
[32m[2025-03-10 01:04:11][INFO]KRW-NEO ë§¤ë§¤ ì „ëµ ë¶„ì„ ì‹œì‘ [analyzer.py:47][0m
[36m[2025-03-10 01:04:11][DEBUG]ğŸ” ë¹„ì •ìƒ ì£¼ë¬¸ ì²´í¬ ì¤‘... [trader.py:125][0m
[36m[2025-03-10 01:04:11][DEBUG]ğŸ” ë¯¸ì²´ê²° ì£¼ë¬¸ í™•ì¸ ì¤‘... ì „ì²´ ë§ˆì¼“ [trader.py:354][0m
[36m[2025-03-10 01:04:11][DEBUG]âœ… ë¯¸ì²´ê²° ì£¼ë¬¸ì´ ì—†ìŠµë‹ˆë‹¤. [trader.py:360][0m
[32m[2025-03-10 01:04:55][INFO]â±ï¸ íŠ¸ë ˆì´ë” ì‹¤í–‰ ì¤‘: 0ì¼ 0ì‹œê°„ 6ë¶„ 46ì´ˆ ê²½ê³¼ (ë°˜ë³µ íšŸìˆ˜: 400) [trader.py:102][0m
[36m[2025-03-10 01:05:12][DEBUG]â±ï¸ 1ë¶„ ì£¼ê¸° ì‘ì—… ì‹¤í–‰ [trader.py:118][0m
[36m[2025-03-10 01:05:12][DEBUG]ğŸ” ë§¤ìˆ˜/ë§¤ë„ ì‹œê·¸ë„ ì²´í¬ ì¤‘... [trader.py:121][0m
[36m[2025-03-10 01:05:12][DEBUG]ğŸ” ë§¤ìˆ˜ ì‹œê·¸ë„ ì²´í¬ ì¤‘... [trader.py:420][0m
[36m[2025-03-10 01:05:12][DEBUG]ğŸ“Š ê±°ë˜ëŸ‰ ìƒìœ„ 5ê°œ ì½”ì¸ ë§¤ìˆ˜ ì‹œê·¸ë„ ì²´í¬: KRW-XRP, KRW-BTC, KRW-ADA, KRW-ETH, KRW-NEO [trader.py:427][0m
[36m[2025-03-10 01:05:12][DEBUG]ğŸ” KRW-XRP ë§¤ìˆ˜ ì‹œê·¸ë„ ë¶„ì„ ì¤‘... [trader.py:430][0m
[32m[2025-03-10 01:05:12][INFO]KRW-XRP ë§¤ë§¤ ì „ëµ ë¶„ì„ ì‹œì‘ [analyzer.py:47][0m
[36m[2025-03-10 01:05:12][DEBUG]ğŸ” KRW-BTC ë§¤ìˆ˜ ì‹œê·¸ë„ ë¶„ì„ ì¤‘... [trader.py:430][0m
[32m[2025-03-10 01:05:12][INFO]KRW-BTC ë§¤ë§¤ ì „ëµ ë¶„ì„ ì‹œì‘ [analyzer.py:47][0m
[36m[2025-03-10 01:05:12][DEBUG]ğŸ” KRW-ADA ë§¤ìˆ˜ ì‹œê·¸ë„ ë¶„ì„ ì¤‘... [trader.py:430][0m
[32m[2025-03-10 01:05:12][INFO]KRW-ADA ë§¤ë§¤ ì „ëµ ë¶„ì„ ì‹œì‘ [analyzer.py:47][0m
[36m[2025-03-10 01:05:12][DEBUG]ğŸ” KRW-ETH ë§¤ìˆ˜ ì‹œê·¸ë„ ë¶„ì„ ì¤‘... [trader.py:430][0m
[32m[2025-03-10 01:05:12][INFO]KRW-ETH ë§¤ë§¤ ì „ëµ ë¶„ì„ ì‹œì‘ [analyzer.py:47][0m
[36m[2025-03-10 01:05:12][DEBUG]ğŸ” KRW-NEO ë§¤ìˆ˜ ì‹œê·¸ë„ ë¶„ì„ ì¤‘... [trader.py:430][0m
[32m[2025-03-10 01:05:12][INFO]KRW-NEO ë§¤ë§¤ ì „ëµ ë¶„ì„ ì‹œì‘ [analyzer.py:47][0m
[36m[2025-03-10 01:05:12][DEBUG]ğŸ” ë¹„ì •ìƒ ì£¼ë¬¸ ì²´í¬ ì¤‘... [trader.py:125][0m
[36m[2025-03-10 01:05:12][DEBUG]ğŸ” ë¯¸ì²´ê²° ì£¼ë¬¸ í™•ì¸ ì¤‘... ì „ì²´ ë§ˆì¼“ [trader.py:354][0m
[36m[2025-03-10 01:05:12][DEBUG]âœ… ë¯¸ì²´ê²° ì£¼ë¬¸ì´ ì—†ìŠµë‹ˆë‹¤. [trader.py:360][0m
[36m[2025-03-10 01:06:12][DEBUG]â±ï¸ 1ë¶„ ì£¼ê¸° ì‘ì—… ì‹¤í–‰ [trader.py:118][0m
[36m[2025-03-10 01:06:12][DEBUG]ğŸ” ë§¤ìˆ˜/ë§¤ë„ ì‹œê·¸ë„ ì²´í¬ ì¤‘... [trader.py:121][0m
[36m[2025-03-10 01:06:12][DEBUG]ğŸ” ë§¤ìˆ˜ ì‹œê·¸ë„ ì²´í¬ ì¤‘... [trader.py:420][0m
[36m[2025-03-10 01:06:12][DEBUG]ğŸ“Š ê±°ë˜ëŸ‰ ìƒìœ„ 5ê°œ ì½”ì¸ ë§¤ìˆ˜ ì‹œê·¸ë„ ì²´í¬: KRW-XRP, KRW-BTC, KRW-ADA, KRW-ETH, KRW-NEO [trader.py:427][0m
[36m[2025-03-10 01:06:12][DEBUG]ğŸ” KRW-XRP ë§¤ìˆ˜ ì‹œê·¸ë„ ë¶„ì„ ì¤‘... [trader.py:430][0m
[32m[2025-03-10 01:06:12][INFO]KRW-XRP ë§¤ë§¤ ì „ëµ ë¶„ì„ ì‹œì‘ [analyzer.py:47][0m
[36m[2025-03-10 01:06:12][DEBUG]ğŸ” KRW-BTC ë§¤ìˆ˜ ì‹œê·¸ë„ ë¶„ì„ ì¤‘... [trader.py:430][0m
[32m[2025-03-10 01:06:12][INFO]KRW-BTC ë§¤ë§¤ ì „ëµ ë¶„ì„ ì‹œì‘ [analyzer.py:47][0m
[36m[2025-03-10 01:06:13][DEBUG]ğŸ” KRW-ADA ë§¤ìˆ˜ ì‹œê·¸ë„ ë¶„ì„ ì¤‘... [trader.py:430][0m
[32m[2025-03-10 01:06:13][INFO]KRW-ADA ë§¤ë§¤ ì „ëµ ë¶„ì„ ì‹œì‘ [analyzer.py:47][0m
[36m[2025-03-10 01:06:13][DEBUG]ğŸ” KRW-ETH ë§¤ìˆ˜ ì‹œê·¸ë„ ë¶„ì„ ì¤‘... [trader.py:430][0m
[32m[2025-03-10 01:06:13][INFO]KRW-ETH ë§¤ë§¤ ì „ëµ ë¶„ì„ ì‹œì‘ [analyzer.py:47][0m
[36m[2025-03-10 01:06:13][DEBUG]ğŸ” KRW-NEO ë§¤ìˆ˜ ì‹œê·¸ë„ ë¶„ì„ ì¤‘... [trader.py:430][0m
[32m[2025-03-10 01:06:13][INFO]KRW-NEO ë§¤ë§¤ ì „ëµ ë¶„ì„ ì‹œì‘ [analyzer.py:47][0m
[36m[2025-03-10 01:06:13][DEBUG]ğŸ” ë¹„ì •ìƒ ì£¼ë¬¸ ì²´í¬ ì¤‘... [trader.py:125][0m
[36m[2025-03-10 01:06:13][DEBUG]ğŸ” ë¯¸ì²´ê²° ì£¼ë¬¸ í™•ì¸ ì¤‘... ì „ì²´ ë§ˆì¼“ [trader.py:354][0m
[36m[2025-03-10 01:06:13][DEBUG]âœ… ë¯¸ì²´ê²° ì£¼ë¬¸ì´ ì—†ìŠµë‹ˆë‹¤. [trader.py:360][0m
